<?xml version="1.0" encoding="UTF-8"?>
<!-- Generated by org.testng.reporters.JUnitReportReporter -->
<testsuite skipped="0" hostname="LAPTOP-B1VDJO44" name="com.qa.hs.tests.LoginTest" tests="1" failures="0" timestamp="23 Feb 2020 16:36:08 GMT" time="73.001" errors="0">
  <testcase name="loginTest" time="73.001" classname="com.qa.hs.tests.LoginTest"/>
</testsuite> <!-- com.qa.hs.tests.LoginTest -->
